[2026-05-04T08:23:36Z] Cycle 2034qy complete. May 4 PT FIRED 3/3. Sleeping 900s...
[2026-05-04T08:38:45Z] Woke up. Starting cycle 2034qz.
[2026-05-04T08:42:47Z] Cycle 2034qz complete. Shipped: IC mandate update + May 5 scout. Sleeping 900s...
[2026-05-04T08:57:51Z] Woke up. Starting cycle 2034r0.
[2026-05-04T08:59:35Z] Cycle 2034r0 complete. May 5 PT drafts ready. Sleeping 900s...
[2026-05-04T09:14:40Z] Woke up. Starting cycle 2034r1.
[2026-05-04T09:15:46Z] Cycle 2034r1 complete. Monitoring only (no commit). Sleeping 900s...
[2026-05-04T09:30:52Z] Woke up. Starting cycle 2034r2.
[2026-05-04T09:31:20Z] Cycle 2034r2 complete. Monitoring only. Sleeping 900s...
[2026-05-04T09:46:25Z] Woke up. Starting cycle 2034r3.
[2026-05-04T09:50:09Z] Cycle 2034r3 complete. May 6 scout done. Sleeping 900s...
[2026-05-04T10:05:21Z] Woke up. Starting cycle 2034r4.
[2026-05-04T10:07:21Z] Cycle 2034r4 complete. May 6 drafts done. Now 2 days ahead. Sleeping 900s...
[2026-05-04T10:22:29Z] Woke up. Starting cycle 2034r5.
[2026-05-04T10:22:57Z] Cycle 2034r5 complete. Monitoring only. Sleeping 900s...
[2026-05-04T10:38:06Z] Woke up. Starting cycle 2034r6.
[2026-05-04T10:38:30Z] Cycle 2034r6 complete. All fires silent T+2-26h. Sleeping 900s...
[2026-05-04T10:53:39Z] Woke up. Starting cycle 2034r7.
[2026-05-04T10:56:59Z] Cycle 2034r7 complete. May 7 scout done. Now 3 days ahead. Sleeping 900s...
[2026-05-04T11:12:10Z] Woke up. Starting cycle 2034r8.
[2026-05-04T11:15:18Z] Cycle 2034r8 complete. Sleeping 900s...
[2026-05-04T11:30:28Z] Woke up. Starting cycle 2034r9.
